  Arena.cpp
C:\Users\Marko\Desktop\cam – kopija\IGRA\Bikec_Ferdinand\CORE\CAMERA\Camera.h(16,32): warning C4244: 'argument': conversion from 'int' to 'float', possible loss of data
  (compiling source file 'IGRA/Arena.cpp')
  
C:\Users\Marko\Desktop\cam – kopija\IGRA\Bikec_Ferdinand\CORE\CAMERA\Camera.h(16,29): warning C4244: 'argument': conversion from 'int' to 'float', possible loss of data
  (compiling source file 'IGRA/Arena.cpp')
  
C:\Users\Marko\Desktop\cam – kopija\IGRA\Bikec_Ferdinand\CORE\CAMERA\Camera.h(20,34): warning C4244: '=': conversion from 'float' to 'int', possible loss of data
  (compiling source file 'IGRA/Arena.cpp')
  
C:\Users\Marko\Desktop\cam – kopija\IGRA\Bikec_Ferdinand\CORE\CAMERA\Camera.h(21,34): warning C4244: '=': conversion from 'float' to 'int', possible loss of data
  (compiling source file 'IGRA/Arena.cpp')
  
C:\Users\Marko\Desktop\cam – kopija\IGRA\Bikec_Ferdinand\CORE\CAMERA\Camera.h(22,53): warning C4244: 'argument': conversion from 'int' to 'float', possible loss of data
  (compiling source file 'IGRA/Arena.cpp')
  
C:\Users\Marko\Desktop\cam – kopija\IGRA\Bikec_Ferdinand\CORE\CAMERA\Camera.h(22,40): warning C4244: 'argument': conversion from 'int' to 'float', possible loss of data
  (compiling source file 'IGRA/Arena.cpp')
  
C:\Users\Marko\Desktop\cam – kopija\IGRA\Bikec_Ferdinand\IGRA\Arena.cpp(14,31): warning C4244: 'argument': conversion from 'int' to 'float', possible loss of data
C:\Users\Marko\Desktop\cam – kopija\IGRA\Bikec_Ferdinand\IGRA\Arena.cpp(14,24): warning C4244: 'argument': conversion from 'int' to 'float', possible loss of data
C:\Users\Marko\Desktop\cam – kopija\IGRA\Bikec_Ferdinand\IGRA\Arena.cpp(20,109): warning C4244: 'argument': conversion from 'float' to 'int', possible loss of data
C:\Users\Marko\Desktop\cam – kopija\IGRA\Bikec_Ferdinand\IGRA\Arena.cpp(20,96): warning C4244: 'argument': conversion from 'float' to 'int', possible loss of data
C:\Users\Marko\Desktop\cam – kopija\IGRA\Bikec_Ferdinand\IGRA\Arena.cpp(20,83): warning C4244: 'argument': conversion from 'float' to 'int', possible loss of data
C:\Users\Marko\Desktop\cam – kopija\IGRA\Bikec_Ferdinand\IGRA\Arena.cpp(20,66): warning C4244: 'argument': conversion from 'float' to 'int', possible loss of data
C:\Users\Marko\Desktop\cam – kopija\IGRA\Bikec_Ferdinand\IGRA\Arena.cpp(21,72): warning C4244: 'argument': conversion from 'float' to 'int', possible loss of data
C:\Users\Marko\Desktop\cam – kopija\IGRA\Bikec_Ferdinand\IGRA\Arena.cpp(21,59): warning C4244: 'argument': conversion from 'float' to 'int', possible loss of data
C:\Users\Marko\Desktop\cam – kopija\IGRA\Bikec_Ferdinand\IGRA\Arena.cpp(39,109): warning C4244: 'argument': conversion from 'float' to 'int', possible loss of data
C:\Users\Marko\Desktop\cam – kopija\IGRA\Bikec_Ferdinand\IGRA\Arena.cpp(39,96): warning C4244: 'argument': conversion from 'float' to 'int', possible loss of data
C:\Users\Marko\Desktop\cam – kopija\IGRA\Bikec_Ferdinand\IGRA\Arena.cpp(39,83): warning C4244: 'argument': conversion from 'float' to 'int', possible loss of data
C:\Users\Marko\Desktop\cam – kopija\IGRA\Bikec_Ferdinand\IGRA\Arena.cpp(39,66): warning C4244: 'argument': conversion from 'float' to 'int', possible loss of data
C:\Users\Marko\Desktop\cam – kopija\IGRA\Bikec_Ferdinand\IGRA\Arena.cpp(47,119): warning C4244: 'argument': conversion from 'float' to 'int', possible loss of data
C:\Users\Marko\Desktop\cam – kopija\IGRA\Bikec_Ferdinand\IGRA\Arena.cpp(47,102): warning C4244: 'argument': conversion from 'float' to 'int', possible loss of data
C:\Users\Marko\Desktop\cam – kopija\IGRA\Bikec_Ferdinand\IGRA\Arena.cpp(47,83): warning C4244: 'argument': conversion from 'float' to 'int', possible loss of data
C:\Users\Marko\Desktop\cam – kopija\IGRA\Bikec_Ferdinand\IGRA\Arena.cpp(47,66): warning C4244: 'argument': conversion from 'float' to 'int', possible loss of data
C:\Users\Marko\Desktop\cam – kopija\IGRA\Bikec_Ferdinand\IGRA\Arena.cpp(48,82): warning C4244: 'argument': conversion from 'float' to 'int', possible loss of data
C:\Users\Marko\Desktop\cam – kopija\IGRA\Bikec_Ferdinand\IGRA\Arena.cpp(48,65): warning C4244: 'argument': conversion from 'float' to 'int', possible loss of data
  Animation.cpp
  Level.cpp
  Input.cpp
C:\Users\Marko\Desktop\cam – kopija\IGRA\Bikec_Ferdinand\CORE\INPUT\Input.cpp(10,40): warning C4244: 'argument': conversion from 'int' to 'float', possible loss of data
C:\Users\Marko\Desktop\cam – kopija\IGRA\Bikec_Ferdinand\CORE\INPUT\Input.cpp(10,32): warning C4244: 'argument': conversion from 'int' to 'float', possible loss of data
  Igralec.cpp
C:\Users\Marko\Desktop\cam – kopija\IGRA\Bikec_Ferdinand\CORE\CAMERA\Camera.h(16,32): warning C4244: 'argument': conversion from 'int' to 'float', possible loss of data
  (compiling source file 'IGRA/Igralec.cpp')
  
C:\Users\Marko\Desktop\cam – kopija\IGRA\Bikec_Ferdinand\CORE\CAMERA\Camera.h(16,29): warning C4244: 'argument': conversion from 'int' to 'float', possible loss of data
  (compiling source file 'IGRA/Igralec.cpp')
  
C:\Users\Marko\Desktop\cam – kopija\IGRA\Bikec_Ferdinand\CORE\CAMERA\Camera.h(20,34): warning C4244: '=': conversion from 'float' to 'int', possible loss of data
  (compiling source file 'IGRA/Igralec.cpp')
  
C:\Users\Marko\Desktop\cam – kopija\IGRA\Bikec_Ferdinand\CORE\CAMERA\Camera.h(21,34): warning C4244: '=': conversion from 'float' to 'int', possible loss of data
  (compiling source file 'IGRA/Igralec.cpp')
  
C:\Users\Marko\Desktop\cam – kopija\IGRA\Bikec_Ferdinand\CORE\CAMERA\Camera.h(22,53): warning C4244: 'argument': conversion from 'int' to 'float', possible loss of data
  (compiling source file 'IGRA/Igralec.cpp')
  
C:\Users\Marko\Desktop\cam – kopija\IGRA\Bikec_Ferdinand\CORE\CAMERA\Camera.h(22,40): warning C4244: 'argument': conversion from 'int' to 'float', possible loss of data
  (compiling source file 'IGRA/Igralec.cpp')
  
C:\Users\Marko\Desktop\cam – kopija\IGRA\Bikec_Ferdinand\CORE\PHYSICS\Math.h(11,11): warning C4244: 'initializing': conversion from 'double' to 'float', possible loss of data
  (compiling source file 'IGRA/Igralec.cpp')
  
C:\Users\Marko\Desktop\cam – kopija\IGRA\Bikec_Ferdinand\IGRA\Igralec.cpp(16,34): warning C4244: 'argument': conversion from 'int' to 'float', possible loss of data
C:\Users\Marko\Desktop\cam – kopija\IGRA\Bikec_Ferdinand\IGRA\Igralec.cpp(16,27): warning C4244: 'argument': conversion from 'int' to 'float', possible loss of data
C:\Users\Marko\Desktop\cam – kopija\IGRA\Bikec_Ferdinand\IGRA\Igralec.cpp(21,34): warning C4244: 'argument': conversion from 'int' to 'float', possible loss of data
C:\Users\Marko\Desktop\cam – kopija\IGRA\Bikec_Ferdinand\IGRA\Igralec.cpp(21,27): warning C4244: 'argument': conversion from 'int' to 'float', possible loss of data
C:\Users\Marko\Desktop\cam – kopija\IGRA\Bikec_Ferdinand\IGRA\Igralec.cpp(47,76): warning C4244: 'argument': conversion from 'float' to 'int', possible loss of data
C:\Users\Marko\Desktop\cam – kopija\IGRA\Bikec_Ferdinand\IGRA\Igralec.cpp(47,63): warning C4244: 'argument': conversion from 'float' to 'int', possible loss of data
C:\Users\Marko\Desktop\cam – kopija\IGRA\Bikec_Ferdinand\IGRA\Igralec.cpp(47,50): warning C4244: 'argument': conversion from 'float' to 'int', possible loss of data
C:\Users\Marko\Desktop\cam – kopija\IGRA\Bikec_Ferdinand\IGRA\Igralec.cpp(47,33): warning C4244: 'argument': conversion from 'float' to 'int', possible loss of data
C:\Users\Marko\Desktop\cam – kopija\IGRA\Bikec_Ferdinand\IGRA\Igralec.cpp(53,112): warning C4244: 'argument': conversion from 'float' to 'int', possible loss of data
C:\Users\Marko\Desktop\cam – kopija\IGRA\Bikec_Ferdinand\IGRA\Igralec.cpp(53,99): warning C4244: 'argument': conversion from 'float' to 'int', possible loss of data
C:\Users\Marko\Desktop\cam – kopija\IGRA\Bikec_Ferdinand\IGRA\Igralec.cpp(53,86): warning C4244: 'argument': conversion from 'float' to 'int', possible loss of data
C:\Users\Marko\Desktop\cam – kopija\IGRA\Bikec_Ferdinand\IGRA\Igralec.cpp(53,69): warning C4244: 'argument': conversion from 'float' to 'int', possible loss of data
C:\Users\Marko\Desktop\cam – kopija\IGRA\Bikec_Ferdinand\IGRA\Igralec.cpp(54,75): warning C4244: 'argument': conversion from 'float' to 'int', possible loss of data
C:\Users\Marko\Desktop\cam – kopija\IGRA\Bikec_Ferdinand\IGRA\Igralec.cpp(54,62): warning C4244: 'argument': conversion from 'float' to 'int', possible loss of data
  KlasičniGumb.cpp
C:\Users\Marko\Desktop\cam – kopija\IGRA\Bikec_Ferdinand\CORE\CAMERA\Camera.h(16,32): warning C4244: 'argument': conversion from 'int' to 'float', possible loss of data
  (compiling source file 'IGRA/KlasičniGumb.cpp')
  
C:\Users\Marko\Desktop\cam – kopija\IGRA\Bikec_Ferdinand\CORE\CAMERA\Camera.h(16,29): warning C4244: 'argument': conversion from 'int' to 'float', possible loss of data
  (compiling source file 'IGRA/KlasičniGumb.cpp')
  
C:\Users\Marko\Desktop\cam – kopija\IGRA\Bikec_Ferdinand\CORE\CAMERA\Camera.h(20,34): warning C4244: '=': conversion from 'float' to 'int', possible loss of data
  (compiling source file 'IGRA/KlasičniGumb.cpp')
  
C:\Users\Marko\Desktop\cam – kopija\IGRA\Bikec_Ferdinand\CORE\CAMERA\Camera.h(21,34): warning C4244: '=': conversion from 'float' to 'int', possible loss of data
  (compiling source file 'IGRA/KlasičniGumb.cpp')
  
C:\Users\Marko\Desktop\cam – kopija\IGRA\Bikec_Ferdinand\CORE\CAMERA\Camera.h(22,53): warning C4244: 'argument': conversion from 'int' to 'float', possible loss of data
  (compiling source file 'IGRA/KlasičniGumb.cpp')
  
C:\Users\Marko\Desktop\cam – kopija\IGRA\Bikec_Ferdinand\CORE\CAMERA\Camera.h(22,40): warning C4244: 'argument': conversion from 'int' to 'float', possible loss of data
  (compiling source file 'IGRA/KlasičniGumb.cpp')
  
C:\Users\Marko\Desktop\cam – kopija\IGRA\Bikec_Ferdinand\IGRA\KlasičniGumb.cpp(14,31): warning C4244: 'argument': conversion from 'int' to 'float', possible loss of data
C:\Users\Marko\Desktop\cam – kopija\IGRA\Bikec_Ferdinand\IGRA\KlasičniGumb.cpp(14,24): warning C4244: 'argument': conversion from 'int' to 'float', possible loss of data
C:\Users\Marko\Desktop\cam – kopija\IGRA\Bikec_Ferdinand\IGRA\KlasičniGumb.cpp(24,106): warning C4244: 'argument': conversion from 'float' to 'int', possible loss of data
C:\Users\Marko\Desktop\cam – kopija\IGRA\Bikec_Ferdinand\IGRA\KlasičniGumb.cpp(24,93): warning C4244: 'argument': conversion from 'float' to 'int', possible loss of data
C:\Users\Marko\Desktop\cam – kopija\IGRA\Bikec_Ferdinand\IGRA\KlasičniGumb.cpp(24,80): warning C4244: 'argument': conversion from 'float' to 'int', possible loss of data
C:\Users\Marko\Desktop\cam – kopija\IGRA\Bikec_Ferdinand\IGRA\KlasičniGumb.cpp(24,63): warning C4244: 'argument': conversion from 'float' to 'int', possible loss of data
C:\Users\Marko\Desktop\cam – kopija\IGRA\Bikec_Ferdinand\IGRA\KlasičniGumb.cpp(32,110): warning C4244: 'argument': conversion from 'float' to 'int', possible loss of data
C:\Users\Marko\Desktop\cam – kopija\IGRA\Bikec_Ferdinand\IGRA\KlasičniGumb.cpp(32,97): warning C4244: 'argument': conversion from 'float' to 'int', possible loss of data
C:\Users\Marko\Desktop\cam – kopija\IGRA\Bikec_Ferdinand\IGRA\KlasičniGumb.cpp(32,84): warning C4244: 'argument': conversion from 'float' to 'int', possible loss of data
C:\Users\Marko\Desktop\cam – kopija\IGRA\Bikec_Ferdinand\IGRA\KlasičniGumb.cpp(32,67): warning C4244: 'argument': conversion from 'float' to 'int', possible loss of data
C:\Users\Marko\Desktop\cam – kopija\IGRA\Bikec_Ferdinand\IGRA\KlasičniGumb.cpp(33,73): warning C4244: 'argument': conversion from 'float' to 'int', possible loss of data
C:\Users\Marko\Desktop\cam – kopija\IGRA\Bikec_Ferdinand\IGRA\KlasičniGumb.cpp(33,60): warning C4244: 'argument': conversion from 'float' to 'int', possible loss of data
C:\Users\Marko\Desktop\cam – kopija\IGRA\Bikec_Ferdinand\IGRA\KlasičniGumb.cpp(35,26): warning C4838: conversion from 'float' to 'int' requires a narrowing conversion
C:\Users\Marko\Desktop\cam – kopija\IGRA\Bikec_Ferdinand\IGRA\KlasičniGumb.cpp(35,26): warning C4244: 'initializing': conversion from 'float' to 'int', possible loss of data
C:\Users\Marko\Desktop\cam – kopija\IGRA\Bikec_Ferdinand\IGRA\KlasičniGumb.cpp(35,35): warning C4838: conversion from 'float' to 'int' requires a narrowing conversion
C:\Users\Marko\Desktop\cam – kopija\IGRA\Bikec_Ferdinand\IGRA\KlasičniGumb.cpp(35,35): warning C4244: 'initializing': conversion from 'float' to 'int', possible loss of data
C:\Users\Marko\Desktop\cam – kopija\IGRA\Bikec_Ferdinand\IGRA\KlasičniGumb.cpp(35,45): warning C4838: conversion from 'float' to 'int' requires a narrowing conversion
C:\Users\Marko\Desktop\cam – kopija\IGRA\Bikec_Ferdinand\IGRA\KlasičniGumb.cpp(35,45): warning C4244: 'initializing': conversion from 'float' to 'int', possible loss of data
C:\Users\Marko\Desktop\cam – kopija\IGRA\Bikec_Ferdinand\IGRA\KlasičniGumb.cpp(35,55): warning C4838: conversion from 'float' to 'int' requires a narrowing conversion
C:\Users\Marko\Desktop\cam – kopija\IGRA\Bikec_Ferdinand\IGRA\KlasičniGumb.cpp(35,55): warning C4244: 'initializing': conversion from 'float' to 'int', possible loss of data
C:\Users\Marko\Desktop\cam – kopija\IGRA\Bikec_Ferdinand\IGRA\KlasičniGumb.cpp(36,61): warning C4838: conversion from 'float' to 'int' requires a narrowing conversion
C:\Users\Marko\Desktop\cam – kopija\IGRA\Bikec_Ferdinand\IGRA\KlasičniGumb.cpp(36,61): warning C4244: 'initializing': conversion from 'float' to 'int', possible loss of data
C:\Users\Marko\Desktop\cam – kopija\IGRA\Bikec_Ferdinand\IGRA\KlasičniGumb.cpp(36,106): warning C4838: conversion from 'float' to 'int' requires a narrowing conversion
C:\Users\Marko\Desktop\cam – kopija\IGRA\Bikec_Ferdinand\IGRA\KlasičniGumb.cpp(36,106): warning C4244: 'initializing': conversion from 'float' to 'int', possible loss of data
  main.cpp
C:\Users\Marko\Desktop\cam – kopija\IGRA\Bikec_Ferdinand\CORE\CAMERA\Camera.h(16,32): warning C4244: 'argument': conversion from 'int' to 'float', possible loss of data
  (compiling source file 'main.cpp')
  
C:\Users\Marko\Desktop\cam – kopija\IGRA\Bikec_Ferdinand\CORE\CAMERA\Camera.h(16,29): warning C4244: 'argument': conversion from 'int' to 'float', possible loss of data
  (compiling source file 'main.cpp')
  
C:\Users\Marko\Desktop\cam – kopija\IGRA\Bikec_Ferdinand\CORE\CAMERA\Camera.h(20,34): warning C4244: '=': conversion from 'float' to 'int', possible loss of data
  (compiling source file 'main.cpp')
  
C:\Users\Marko\Desktop\cam – kopija\IGRA\Bikec_Ferdinand\CORE\CAMERA\Camera.h(21,34): warning C4244: '=': conversion from 'float' to 'int', possible loss of data
  (compiling source file 'main.cpp')
  
C:\Users\Marko\Desktop\cam – kopija\IGRA\Bikec_Ferdinand\CORE\CAMERA\Camera.h(22,53): warning C4244: 'argument': conversion from 'int' to 'float', possible loss of data
  (compiling source file 'main.cpp')
  
C:\Users\Marko\Desktop\cam – kopija\IGRA\Bikec_Ferdinand\CORE\CAMERA\Camera.h(22,40): warning C4244: 'argument': conversion from 'int' to 'float', possible loss of data
  (compiling source file 'main.cpp')
  
C:\Users\Marko\Desktop\cam – kopija\IGRA\Bikec_Ferdinand\main.cpp(21,15): warning C4244: 'argument': conversion from 'time_t' to 'unsigned int', possible loss of data
C:\Users\Marko\Desktop\cam – kopija\IGRA\Bikec_Ferdinand\main.cpp(65,15): warning C4244: 'initializing': conversion from 'float' to 'int', possible loss of data
C:\Users\Marko\Desktop\cam – kopija\IGRA\Bikec_Ferdinand\main.cpp(66,15): warning C4244: 'initializing': conversion from 'float' to 'int', possible loss of data
C:\Users\Marko\Desktop\cam – kopija\IGRA\Bikec_Ferdinand\main.cpp(67,58): warning C4244: 'argument': conversion from 'int' to 'float', possible loss of data
C:\Users\Marko\Desktop\cam – kopija\IGRA\Bikec_Ferdinand\main.cpp(67,55): warning C4244: 'argument': conversion from 'int' to 'float', possible loss of data
C:\Users\Marko\Desktop\cam – kopija\IGRA\Bikec_Ferdinand\main.cpp(71,15): warning C4244: 'initializing': conversion from 'float' to 'int', possible loss of data
C:\Users\Marko\Desktop\cam – kopija\IGRA\Bikec_Ferdinand\main.cpp(72,15): warning C4244: 'initializing': conversion from 'float' to 'int', possible loss of data
C:\Users\Marko\Desktop\cam – kopija\IGRA\Bikec_Ferdinand\main.cpp(73,47): warning C4244: 'argument': conversion from 'int' to 'float', possible loss of data
C:\Users\Marko\Desktop\cam – kopija\IGRA\Bikec_Ferdinand\main.cpp(73,44): warning C4244: 'argument': conversion from 'int' to 'float', possible loss of data
  Window.cpp
C:\Users\Marko\Desktop\cam – kopija\IGRA\Bikec_Ferdinand\CORE\WINDOW\Window.cpp(12,31): warning C4244: 'argument': conversion from 'int' to 'float', possible loss of data
C:\Users\Marko\Desktop\cam – kopija\IGRA\Bikec_Ferdinand\CORE\WINDOW\Window.cpp(12,24): warning C4244: 'argument': conversion from 'int' to 'float', possible loss of data
C:\Users\Marko\Desktop\cam – kopija\IGRA\Bikec_Ferdinand\CORE\WINDOW\Window.cpp(15,88): warning C4244: 'argument': conversion from 'float' to 'int', possible loss of data
C:\Users\Marko\Desktop\cam – kopija\IGRA\Bikec_Ferdinand\CORE\WINDOW\Window.cpp(15,75): warning C4244: 'argument': conversion from 'float' to 'int', possible loss of data
C:\Users\Marko\Desktop\cam – kopija\IGRA\Bikec_Ferdinand\CORE\WINDOW\Window.cpp(76,31): warning C4244: 'argument': conversion from 'int' to 'float', possible loss of data
C:\Users\Marko\Desktop\cam – kopija\IGRA\Bikec_Ferdinand\CORE\WINDOW\Window.cpp(76,24): warning C4244: 'argument': conversion from 'int' to 'float', possible loss of data
  RigidBody.cpp
  Vector2D.cpp
  Texture.cpp
C:\Users\Marko\Desktop\cam – kopija\IGRA\Bikec_Ferdinand\CORE\CAMERA\Camera.h(16,32): warning C4244: 'argument': conversion from 'int' to 'float', possible loss of data
  (compiling source file 'CORE/TEXTURE/Texture.cpp')
  
C:\Users\Marko\Desktop\cam – kopija\IGRA\Bikec_Ferdinand\CORE\CAMERA\Camera.h(16,29): warning C4244: 'argument': conversion from 'int' to 'float', possible loss of data
  (compiling source file 'CORE/TEXTURE/Texture.cpp')
  
C:\Users\Marko\Desktop\cam – kopija\IGRA\Bikec_Ferdinand\CORE\CAMERA\Camera.h(20,34): warning C4244: '=': conversion from 'float' to 'int', possible loss of data
  (compiling source file 'CORE/TEXTURE/Texture.cpp')
  
C:\Users\Marko\Desktop\cam – kopija\IGRA\Bikec_Ferdinand\CORE\CAMERA\Camera.h(21,34): warning C4244: '=': conversion from 'float' to 'int', possible loss of data
  (compiling source file 'CORE/TEXTURE/Texture.cpp')
  
C:\Users\Marko\Desktop\cam – kopija\IGRA\Bikec_Ferdinand\CORE\CAMERA\Camera.h(22,53): warning C4244: 'argument': conversion from 'int' to 'float', possible loss of data
  (compiling source file 'CORE/TEXTURE/Texture.cpp')
  
C:\Users\Marko\Desktop\cam – kopija\IGRA\Bikec_Ferdinand\CORE\CAMERA\Camera.h(22,40): warning C4244: 'argument': conversion from 'int' to 'float', possible loss of data
  (compiling source file 'CORE/TEXTURE/Texture.cpp')
  
C:\Users\Marko\Desktop\cam – kopija\IGRA\Bikec_Ferdinand\CORE\TEXTURE\Texture.cpp(21,84): warning C4244: 'argument': conversion from 'float' to 'int', possible loss of data
C:\Users\Marko\Desktop\cam – kopija\IGRA\Bikec_Ferdinand\CORE\TEXTURE\Texture.cpp(21,68): warning C4244: 'argument': conversion from 'float' to 'int', possible loss of data
C:\Users\Marko\Desktop\cam – kopija\IGRA\Bikec_Ferdinand\CORE\TEXTURE\Texture.cpp(22,75): warning C4244: 'argument': conversion from 'float' to 'int', possible loss of data
C:\Users\Marko\Desktop\cam – kopija\IGRA\Bikec_Ferdinand\CORE\TEXTURE\Texture.cpp(22,59): warning C4244: 'argument': conversion from 'float' to 'int', possible loss of data
C:\Users\Marko\Desktop\cam – kopija\IGRA\Bikec_Ferdinand\CORE\TEXTURE\Texture.cpp(25,27): warning C4838: conversion from 'float' to 'int' requires a narrowing conversion
C:\Users\Marko\Desktop\cam – kopija\IGRA\Bikec_Ferdinand\CORE\TEXTURE\Texture.cpp(25,27): warning C4244: 'initializing': conversion from 'float' to 'int', possible loss of data
C:\Users\Marko\Desktop\cam – kopija\IGRA\Bikec_Ferdinand\CORE\TEXTURE\Texture.cpp(25,36): warning C4838: conversion from 'float' to 'int' requires a narrowing conversion
C:\Users\Marko\Desktop\cam – kopija\IGRA\Bikec_Ferdinand\CORE\TEXTURE\Texture.cpp(25,36): warning C4244: 'initializing': conversion from 'float' to 'int', possible loss of data
C:\Users\Marko\Desktop\cam – kopija\IGRA\Bikec_Ferdinand\CORE\TEXTURE\Texture.cpp(25,46): warning C4838: conversion from 'float' to 'int' requires a narrowing conversion
C:\Users\Marko\Desktop\cam – kopija\IGRA\Bikec_Ferdinand\CORE\TEXTURE\Texture.cpp(25,46): warning C4244: 'initializing': conversion from 'float' to 'int', possible loss of data
C:\Users\Marko\Desktop\cam – kopija\IGRA\Bikec_Ferdinand\CORE\TEXTURE\Texture.cpp(25,56): warning C4838: conversion from 'float' to 'int' requires a narrowing conversion
C:\Users\Marko\Desktop\cam – kopija\IGRA\Bikec_Ferdinand\CORE\TEXTURE\Texture.cpp(25,56): warning C4244: 'initializing': conversion from 'float' to 'int', possible loss of data
C:\Users\Marko\Desktop\cam – kopija\IGRA\Bikec_Ferdinand\CORE\TEXTURE\Texture.cpp(31,84): warning C4244: 'argument': conversion from 'float' to 'int', possible loss of data
C:\Users\Marko\Desktop\cam – kopija\IGRA\Bikec_Ferdinand\CORE\TEXTURE\Texture.cpp(31,68): warning C4244: 'argument': conversion from 'float' to 'int', possible loss of data
C:\Users\Marko\Desktop\cam – kopija\IGRA\Bikec_Ferdinand\CORE\TEXTURE\Texture.cpp(32,75): warning C4244: 'argument': conversion from 'float' to 'int', possible loss of data
C:\Users\Marko\Desktop\cam – kopija\IGRA\Bikec_Ferdinand\CORE\TEXTURE\Texture.cpp(32,59): warning C4244: 'argument': conversion from 'float' to 'int', possible loss of data
C:\Users\Marko\Desktop\cam – kopija\IGRA\Bikec_Ferdinand\CORE\TEXTURE\Texture.cpp(35,27): warning C4838: conversion from 'float' to 'int' requires a narrowing conversion
C:\Users\Marko\Desktop\cam – kopija\IGRA\Bikec_Ferdinand\CORE\TEXTURE\Texture.cpp(35,27): warning C4244: 'initializing': conversion from 'float' to 'int', possible loss of data
C:\Users\Marko\Desktop\cam – kopija\IGRA\Bikec_Ferdinand\CORE\TEXTURE\Texture.cpp(35,36): warning C4838: conversion from 'float' to 'int' requires a narrowing conversion
C:\Users\Marko\Desktop\cam – kopija\IGRA\Bikec_Ferdinand\CORE\TEXTURE\Texture.cpp(35,36): warning C4244: 'initializing': conversion from 'float' to 'int', possible loss of data
C:\Users\Marko\Desktop\cam – kopija\IGRA\Bikec_Ferdinand\CORE\TEXTURE\Texture.cpp(35,46): warning C4838: conversion from 'float' to 'int' requires a narrowing conversion
C:\Users\Marko\Desktop\cam – kopija\IGRA\Bikec_Ferdinand\CORE\TEXTURE\Texture.cpp(35,46): warning C4244: 'initializing': conversion from 'float' to 'int', possible loss of data
C:\Users\Marko\Desktop\cam – kopija\IGRA\Bikec_Ferdinand\CORE\TEXTURE\Texture.cpp(35,56): warning C4838: conversion from 'float' to 'int' requires a narrowing conversion
C:\Users\Marko\Desktop\cam – kopija\IGRA\Bikec_Ferdinand\CORE\TEXTURE\Texture.cpp(35,56): warning C4244: 'initializing': conversion from 'float' to 'int', possible loss of data
C:\Users\Marko\Desktop\cam – kopija\IGRA\Bikec_Ferdinand\CORE\TEXTURE\Texture.cpp(41,84): warning C4244: 'argument': conversion from 'float' to 'int', possible loss of data
C:\Users\Marko\Desktop\cam – kopija\IGRA\Bikec_Ferdinand\CORE\TEXTURE\Texture.cpp(41,68): warning C4244: 'argument': conversion from 'float' to 'int', possible loss of data
C:\Users\Marko\Desktop\cam – kopija\IGRA\Bikec_Ferdinand\CORE\TEXTURE\Texture.cpp(42,75): warning C4244: 'argument': conversion from 'float' to 'int', possible loss of data
C:\Users\Marko\Desktop\cam – kopija\IGRA\Bikec_Ferdinand\CORE\TEXTURE\Texture.cpp(42,59): warning C4244: 'argument': conversion from 'float' to 'int', possible loss of data
C:\Users\Marko\Desktop\cam – kopija\IGRA\Bikec_Ferdinand\CORE\TEXTURE\Texture.cpp(45,27): warning C4838: conversion from 'float' to 'int' requires a narrowing conversion
C:\Users\Marko\Desktop\cam – kopija\IGRA\Bikec_Ferdinand\CORE\TEXTURE\Texture.cpp(45,27): warning C4244: 'initializing': conversion from 'float' to 'int', possible loss of data
C:\Users\Marko\Desktop\cam – kopija\IGRA\Bikec_Ferdinand\CORE\TEXTURE\Texture.cpp(45,36): warning C4838: conversion from 'float' to 'int' requires a narrowing conversion
C:\Users\Marko\Desktop\cam – kopija\IGRA\Bikec_Ferdinand\CORE\TEXTURE\Texture.cpp(45,36): warning C4244: 'initializing': conversion from 'float' to 'int', possible loss of data
C:\Users\Marko\Desktop\cam – kopija\IGRA\Bikec_Ferdinand\CORE\TEXTURE\Texture.cpp(45,46): warning C4838: conversion from 'float' to 'int' requires a narrowing conversion
C:\Users\Marko\Desktop\cam – kopija\IGRA\Bikec_Ferdinand\CORE\TEXTURE\Texture.cpp(45,46): warning C4244: 'initializing': conversion from 'float' to 'int', possible loss of data
C:\Users\Marko\Desktop\cam – kopija\IGRA\Bikec_Ferdinand\CORE\TEXTURE\Texture.cpp(45,56): warning C4838: conversion from 'float' to 'int' requires a narrowing conversion
C:\Users\Marko\Desktop\cam – kopija\IGRA\Bikec_Ferdinand\CORE\TEXTURE\Texture.cpp(45,56): warning C4244: 'initializing': conversion from 'float' to 'int', possible loss of data
C:\Users\Marko\Desktop\cam – kopija\IGRA\Bikec_Ferdinand\CORE\TEXTURE\Texture.cpp(51,84): warning C4244: 'argument': conversion from 'float' to 'int', possible loss of data
C:\Users\Marko\Desktop\cam – kopija\IGRA\Bikec_Ferdinand\CORE\TEXTURE\Texture.cpp(51,68): warning C4244: 'argument': conversion from 'float' to 'int', possible loss of data
C:\Users\Marko\Desktop\cam – kopija\IGRA\Bikec_Ferdinand\CORE\TEXTURE\Texture.cpp(52,75): warning C4244: 'argument': conversion from 'float' to 'int', possible loss of data
C:\Users\Marko\Desktop\cam – kopija\IGRA\Bikec_Ferdinand\CORE\TEXTURE\Texture.cpp(52,59): warning C4244: 'argument': conversion from 'float' to 'int', possible loss of data
C:\Users\Marko\Desktop\cam – kopija\IGRA\Bikec_Ferdinand\CORE\TEXTURE\Texture.cpp(55,27): warning C4838: conversion from 'float' to 'int' requires a narrowing conversion
C:\Users\Marko\Desktop\cam – kopija\IGRA\Bikec_Ferdinand\CORE\TEXTURE\Texture.cpp(55,27): warning C4244: 'initializing': conversion from 'float' to 'int', possible loss of data
C:\Users\Marko\Desktop\cam – kopija\IGRA\Bikec_Ferdinand\CORE\TEXTURE\Texture.cpp(55,36): warning C4838: conversion from 'float' to 'int' requires a narrowing conversion
C:\Users\Marko\Desktop\cam – kopija\IGRA\Bikec_Ferdinand\CORE\TEXTURE\Texture.cpp(55,36): warning C4244: 'initializing': conversion from 'float' to 'int', possible loss of data
C:\Users\Marko\Desktop\cam – kopija\IGRA\Bikec_Ferdinand\CORE\TEXTURE\Texture.cpp(55,46): warning C4838: conversion from 'float' to 'int' requires a narrowing conversion
C:\Users\Marko\Desktop\cam – kopija\IGRA\Bikec_Ferdinand\CORE\TEXTURE\Texture.cpp(55,46): warning C4244: 'initializing': conversion from 'float' to 'int', possible loss of data
C:\Users\Marko\Desktop\cam – kopija\IGRA\Bikec_Ferdinand\CORE\TEXTURE\Texture.cpp(55,56): warning C4838: conversion from 'float' to 'int' requires a narrowing conversion
C:\Users\Marko\Desktop\cam – kopija\IGRA\Bikec_Ferdinand\CORE\TEXTURE\Texture.cpp(55,56): warning C4244: 'initializing': conversion from 'float' to 'int', possible loss of data
  Timer.cpp
C:\Users\Marko\Desktop\cam – kopija\IGRA\Bikec_Ferdinand\CORE\TIMER\Timer.cpp(9,27): warning C4244: '=': conversion from 'Uint32' to 'float', possible loss of data
  StaticSlika.cpp
C:\Users\Marko\Desktop\cam – kopija\IGRA\Bikec_Ferdinand\IGRA\StaticSlika.cpp(8,31): warning C4244: 'argument': conversion from 'int' to 'float', possible loss of data
C:\Users\Marko\Desktop\cam – kopija\IGRA\Bikec_Ferdinand\IGRA\StaticSlika.cpp(8,24): warning C4244: 'argument': conversion from 'int' to 'float', possible loss of data
C:\Users\Marko\Desktop\cam – kopija\IGRA\Bikec_Ferdinand\IGRA\StaticSlika.cpp(17,107): warning C4244: 'argument': conversion from 'float' to 'int', possible loss of data
C:\Users\Marko\Desktop\cam – kopija\IGRA\Bikec_Ferdinand\IGRA\StaticSlika.cpp(17,94): warning C4244: 'argument': conversion from 'float' to 'int', possible loss of data
C:\Users\Marko\Desktop\cam – kopija\IGRA\Bikec_Ferdinand\IGRA\StaticSlika.cpp(17,81): warning C4244: 'argument': conversion from 'float' to 'int', possible loss of data
C:\Users\Marko\Desktop\cam – kopija\IGRA\Bikec_Ferdinand\IGRA\StaticSlika.cpp(17,64): warning C4244: 'argument': conversion from 'float' to 'int', possible loss of data
  MiniMap.cpp
C:\Users\Marko\Desktop\cam – kopija\IGRA\Bikec_Ferdinand\CORE\PHYSICS\Math.h(11,11): warning C4244: 'initializing': conversion from 'double' to 'float', possible loss of data
  (compiling source file 'IGRA/MiniMap.cpp')
  
C:\Users\Marko\Desktop\cam – kopija\IGRA\Bikec_Ferdinand\IGRA\MiniMap.cpp(17,87): warning C4244: 'argument': conversion from 'float' to 'int', possible loss of data
C:\Users\Marko\Desktop\cam – kopija\IGRA\Bikec_Ferdinand\IGRA\MiniMap.cpp(17,70): warning C4244: 'argument': conversion from 'float' to 'int', possible loss of data
C:\Users\Marko\Desktop\cam – kopija\IGRA\Bikec_Ferdinand\IGRA\MiniMap.cpp(21,227): warning C4305: 'argument': truncation from 'double' to 'float'
C:\Users\Marko\Desktop\cam – kopija\IGRA\Bikec_Ferdinand\IGRA\MiniMap.cpp(21,206): warning C4244: 'argument': conversion from 'float' to 'int', possible loss of data
C:\Users\Marko\Desktop\cam – kopija\IGRA\Bikec_Ferdinand\IGRA\MiniMap.cpp(21,188): warning C4244: 'argument': conversion from 'float' to 'int', possible loss of data
C:\Users\Marko\Desktop\cam – kopija\IGRA\Bikec_Ferdinand\IGRA\MiniMap.cpp(21,139): warning C4244: 'argument': conversion from 'float' to 'int', possible loss of data
C:\Users\Marko\Desktop\cam – kopija\IGRA\Bikec_Ferdinand\IGRA\MiniMap.cpp(21,86): warning C4244: 'argument': conversion from 'float' to 'int', possible loss of data
C:\Users\Marko\Desktop\cam – kopija\IGRA\Bikec_Ferdinand\IGRA\MiniMap.cpp(27,194): warning C4305: 'argument': truncation from 'double' to 'float'
C:\Users\Marko\Desktop\cam – kopija\IGRA\Bikec_Ferdinand\IGRA\MiniMap.cpp(27,130): warning C4244: 'argument': conversion from 'float' to 'int', possible loss of data
C:\Users\Marko\Desktop\cam – kopija\IGRA\Bikec_Ferdinand\IGRA\MiniMap.cpp(27,77): warning C4244: 'argument': conversion from 'float' to 'int', possible loss of data
C:\Users\Marko\Desktop\cam – kopija\IGRA\Bikec_Ferdinand\IGRA\MiniMap.cpp(29,223): warning C4305: 'argument': truncation from 'double' to 'float'
C:\Users\Marko\Desktop\cam – kopija\IGRA\Bikec_Ferdinand\IGRA\MiniMap.cpp(29,141): warning C4244: 'argument': conversion from 'float' to 'int', possible loss of data
C:\Users\Marko\Desktop\cam – kopija\IGRA\Bikec_Ferdinand\IGRA\MiniMap.cpp(29,70): warning C4244: 'argument': conversion from 'float' to 'int', possible loss of data
C:\Users\Marko\Desktop\cam – kopija\IGRA\Bikec_Ferdinand\IGRA\MiniMap.cpp(43,34): warning C4244: 'argument': conversion from 'int' to 'float', possible loss of data
C:\Users\Marko\Desktop\cam – kopija\IGRA\Bikec_Ferdinand\IGRA\MiniMap.cpp(43,27): warning C4244: 'argument': conversion from 'int' to 'float', possible loss of data
  Nasprotnik.cpp
C:\Users\Marko\Desktop\cam – kopija\IGRA\Bikec_Ferdinand\CORE\CAMERA\Camera.h(16,32): warning C4244: 'argument': conversion from 'int' to 'float', possible loss of data
  (compiling source file 'IGRA/Nasprotnik.cpp')
  
C:\Users\Marko\Desktop\cam – kopija\IGRA\Bikec_Ferdinand\CORE\CAMERA\Camera.h(16,29): warning C4244: 'argument': conversion from 'int' to 'float', possible loss of data
  (compiling source file 'IGRA/Nasprotnik.cpp')
  
C:\Users\Marko\Desktop\cam – kopija\IGRA\Bikec_Ferdinand\CORE\CAMERA\Camera.h(20,34): warning C4244: '=': conversion from 'float' to 'int', possible loss of data
  (compiling source file 'IGRA/Nasprotnik.cpp')
  
C:\Users\Marko\Desktop\cam – kopija\IGRA\Bikec_Ferdinand\CORE\CAMERA\Camera.h(21,34): warning C4244: '=': conversion from 'float' to 'int', possible loss of data
  (compiling source file 'IGRA/Nasprotnik.cpp')
  
C:\Users\Marko\Desktop\cam – kopija\IGRA\Bikec_Ferdinand\CORE\CAMERA\Camera.h(22,53): warning C4244: 'argument': conversion from 'int' to 'float', possible loss of data
  (compiling source file 'IGRA/Nasprotnik.cpp')
  
C:\Users\Marko\Desktop\cam – kopija\IGRA\Bikec_Ferdinand\CORE\CAMERA\Camera.h(22,40): warning C4244: 'argument': conversion from 'int' to 'float', possible loss of data
  (compiling source file 'IGRA/Nasprotnik.cpp')
  
C:\Users\Marko\Desktop\cam – kopija\IGRA\Bikec_Ferdinand\CORE\PHYSICS\Math.h(11,11): warning C4244: 'initializing': conversion from 'double' to 'float', possible loss of data
  (compiling source file 'IGRA/Nasprotnik.cpp')
  
C:\Users\Marko\Desktop\cam – kopija\IGRA\Bikec_Ferdinand\IGRA\Nasprotnik.cpp(15,34): warning C4244: 'argument': conversion from 'int' to 'float', possible loss of data
C:\Users\Marko\Desktop\cam – kopija\IGRA\Bikec_Ferdinand\IGRA\Nasprotnik.cpp(15,27): warning C4244: 'argument': conversion from 'int' to 'float', possible loss of data
C:\Users\Marko\Desktop\cam – kopija\IGRA\Bikec_Ferdinand\IGRA\Nasprotnik.cpp(24,73): warning C4244: 'argument': conversion from 'float' to 'int', possible loss of data
C:\Users\Marko\Desktop\cam – kopija\IGRA\Bikec_Ferdinand\IGRA\Nasprotnik.cpp(24,60): warning C4244: 'argument': conversion from 'float' to 'int', possible loss of data
C:\Users\Marko\Desktop\cam – kopija\IGRA\Bikec_Ferdinand\IGRA\Nasprotnik.cpp(24,47): warning C4244: 'argument': conversion from 'float' to 'int', possible loss of data
C:\Users\Marko\Desktop\cam – kopija\IGRA\Bikec_Ferdinand\IGRA\Nasprotnik.cpp(24,30): warning C4244: 'argument': conversion from 'float' to 'int', possible loss of data
C:\Users\Marko\Desktop\cam – kopija\IGRA\Bikec_Ferdinand\IGRA\Nasprotnik.cpp(30,116): warning C4244: 'argument': conversion from 'float' to 'int', possible loss of data
C:\Users\Marko\Desktop\cam – kopija\IGRA\Bikec_Ferdinand\IGRA\Nasprotnik.cpp(30,103): warning C4244: 'argument': conversion from 'float' to 'int', possible loss of data
C:\Users\Marko\Desktop\cam – kopija\IGRA\Bikec_Ferdinand\IGRA\Nasprotnik.cpp(30,90): warning C4244: 'argument': conversion from 'float' to 'int', possible loss of data
C:\Users\Marko\Desktop\cam – kopija\IGRA\Bikec_Ferdinand\IGRA\Nasprotnik.cpp(30,73): warning C4244: 'argument': conversion from 'float' to 'int', possible loss of data
C:\Users\Marko\Desktop\cam – kopija\IGRA\Bikec_Ferdinand\IGRA\Nasprotnik.cpp(31,79): warning C4244: 'argument': conversion from 'float' to 'int', possible loss of data
C:\Users\Marko\Desktop\cam – kopija\IGRA\Bikec_Ferdinand\IGRA\Nasprotnik.cpp(31,66): warning C4244: 'argument': conversion from 'float' to 'int', possible loss of data
  Mapa.cpp
C:\Users\Marko\Desktop\cam – kopija\IGRA\Bikec_Ferdinand\IGRA\Mapa.cpp(9,23): warning C4244: 'initializing': conversion from 'float' to 'int', possible loss of data
C:\Users\Marko\Desktop\cam – kopija\IGRA\Bikec_Ferdinand\IGRA\Mapa.cpp(10,27): warning C4244: 'initializing': conversion from 'float' to 'int', possible loss of data
C:\Users\Marko\Desktop\cam – kopija\IGRA\Bikec_Ferdinand\IGRA\Mapa.cpp(11,57): warning C4244: 'argument': conversion from 'int' to 'float', possible loss of data
C:\Users\Marko\Desktop\cam – kopija\IGRA\Bikec_Ferdinand\IGRA\Mapa.cpp(11,54): warning C4244: 'argument': conversion from 'int' to 'float', possible loss of data
  Generating code
  Previous IPDB not found, fall back to full compilation.
C:\Users\Marko\Desktop\cam – kopija\IGRA\Bikec_Ferdinand\CORE\PHYSICS\Math.h(24): warning C4172: returning address of local variable or temporary: v
C:\Users\Marko\Desktop\cam – kopija\IGRA\Bikec_Ferdinand\CORE\PHYSICS\Math.h(29): warning C4172: returning address of local variable or temporary: v
  All 574 functions were compiled because no usable IPDB/IOBJ from previous compilation was found.
  Finished generating code
  Bikec_Ferdinand.vcxproj -> C:\Users\Marko\Desktop\cam – kopija\IGRA\Bikec_Ferdinand\x64\Release\Bikec_Ferdinand.exe
